<?xml version="1.0" encoding="UTF-8"?>
<testng-results ignored="0" total="3" passed="3" failed="0" skipped="0">
  <reporter-output>
    <line>
      <![CDATA[Browser Opened with provided URL:https://magento.softwaretestingboard.com/]]>
    </line>
    <line>
      <![CDATA[Registration Successfull with accountecomregister171@gmail.comand full name:TestName LastName]]>
    </line>
    <line>
      <![CDATA[Web Browser is closed]]>
    </line>
    <line>
      <![CDATA[Browser Opened with provided URL:https://magento.softwaretestingboard.com/]]>
    </line>
    <line>
      <![CDATA[Login Successfull with emailecomregister78@gmail.com]]>
    </line>
    <line>
      <![CDATA[The user TestName LastNamesuccessfully logged out]]>
    </line>
    <line>
      <![CDATA[Web Browser is closed]]>
    </line>
  </reporter-output>
  <suite started-at="2025-02-02T16:16:56 NPT" name="All Test Suite" finished-at="2025-02-02T16:17:38 NPT" duration-ms="42312">
    <groups>
    </groups>
    <test started-at="2025-02-02T16:16:56 NPT" name="D:/AutomationTesting/Selenium/Selenium-Workspace-Udemy/Ecommerce/src/test/java/RegisterTest.java" finished-at="2025-02-02T16:17:17 NPT" duration-ms="21405">
      <class name="RegisterTest">
        <test-method is-config="true" signature="setup(org.testng.ITestContext)[pri:0, instance:RegisterTest@2e005c4b]" started-at="2025-02-02T16:16:56 NPT" name="setup" finished-at="2025-02-02T16:17:09 NPT" duration-ms="12625" status="PASS">
          <params>
            <param index="0">
              <value>
                <![CDATA[org.testng.TestRunner@561b7d53]]>
              </value>
            </param>
          </params>
          <reporter-output>
            <line>
              <![CDATA[Browser Opened with provided URL:https://magento.softwaretestingboard.com/]]>
            </line>
          </reporter-output>
        </test-method> <!-- setup -->
        <test-method signature="VerifyRegisterTest()[pri:0, instance:RegisterTest@2e005c4b]" started-at="2025-02-02T16:17:09 NPT" name="VerifyRegisterTest" finished-at="2025-02-02T16:17:17 NPT" duration-ms="8113" status="PASS">
          <reporter-output>
            <line>
              <![CDATA[Registration Successfull with accountecomregister171@gmail.comand full name:TestName LastName]]>
            </line>
          </reporter-output>
        </test-method> <!-- VerifyRegisterTest -->
        <test-method is-config="true" signature="closePage()[pri:0, instance:RegisterTest@2e005c4b]" started-at="2025-02-02T16:17:17 NPT" name="closePage" finished-at="2025-02-02T16:17:17 NPT" duration-ms="321" status="PASS">
          <reporter-output>
            <line>
              <![CDATA[Web Browser is closed]]>
            </line>
          </reporter-output>
        </test-method> <!-- closePage -->
      </class> <!-- RegisterTest -->
    </test> <!-- D:/AutomationTesting/Selenium/Selenium-Workspace-Udemy/Ecommerce/src/test/java/RegisterTest.java -->
    <test started-at="2025-02-02T16:17:18 NPT" name="Ecommerce Login/Logout Test" finished-at="2025-02-02T16:17:38 NPT" duration-ms="20143">
      <class name="LogoutTest">
        <test-method signature="VerifySecondLogout()[pri:0, instance:LogoutTest@57a3af25]" started-at="2025-02-02T16:17:36 NPT" name="VerifySecondLogout" finished-at="2025-02-02T16:17:38 NPT" duration-ms="2456" status="PASS">
          <reporter-output>
            <line>
              <![CDATA[The user TestName LastNamesuccessfully logged out]]>
            </line>
          </reporter-output>
        </test-method> <!-- VerifySecondLogout -->
      </class> <!-- LogoutTest -->
      <class name="LoginTest">
        <test-method is-config="true" signature="setup(org.testng.ITestContext)[pri:0, instance:LoginTest@7f3b84b8]" started-at="2025-02-02T16:17:18 NPT" name="setup" finished-at="2025-02-02T16:17:28 NPT" duration-ms="9770" status="PASS">
          <params>
            <param index="0">
              <value>
                <![CDATA[org.testng.TestRunner@1cc680e]]>
              </value>
            </param>
          </params>
          <reporter-output>
            <line>
              <![CDATA[Browser Opened with provided URL:https://magento.softwaretestingboard.com/]]>
            </line>
          </reporter-output>
        </test-method> <!-- setup -->
        <test-method signature="VerifyLoginTest()[pri:0, instance:LoginTest@7f3b84b8]" started-at="2025-02-02T16:17:28 NPT" name="VerifyLoginTest" finished-at="2025-02-02T16:17:36 NPT" duration-ms="7575" status="PASS">
          <reporter-output>
            <line>
              <![CDATA[Login Successfull with emailecomregister78@gmail.com]]>
            </line>
          </reporter-output>
        </test-method> <!-- VerifyLoginTest -->
        <test-method is-config="true" signature="closePage()[pri:0, instance:LoginTest@7f3b84b8]" started-at="2025-02-02T16:17:38 NPT" name="closePage" finished-at="2025-02-02T16:17:38 NPT" duration-ms="307" status="PASS">
          <reporter-output>
            <line>
              <![CDATA[Web Browser is closed]]>
            </line>
          </reporter-output>
        </test-method> <!-- closePage -->
      </class> <!-- LoginTest -->
    </test> <!-- Ecommerce Login/Logout Test -->
  </suite> <!-- All Test Suite -->
</testng-results>
