<?xml version="1.0" encoding="UTF-8"?>
<!-- Generated by org.testng.reporters.JUnitXMLReporter -->
<testsuite ignored="3" hostname="Asus" failures="0" tests="2" name="Ecommerce Login/Logout Test" time="20.143" errors="0" timestamp="2025-02-02T16:17:39 NPT">
  <testcase classname="LoginTest" name="VerifyLoginTest" time="7.575"/>
  <testcase classname="LogoutTest" name="VerifySecondLogout" time="2.456"/>
  <testcase classname="BaseTest" name="@AfterTest closePage" time="0.0">
    <ignored/>
  </testcase> <!-- @AfterTest closePage -->
  <testcase classname="LogoutTest" name="VerifyFirstLogout" time="0.0">
    <ignored/>
  </testcase> <!-- VerifyFirstLogout -->
  <testcase classname="BaseTest" name="@BeforeTest setup" time="0.0">
    <ignored/>
  </testcase> <!-- @BeforeTest setup -->
</testsuite> <!-- Ecommerce Login/Logout Test -->
